# JRE version: OpenJDK Runtime Environment Homebrew (26.0.1) (build 26.0.1)
# Java VM: OpenJDK 64-Bit Server VM Homebrew (26.0.1, mixed mode, sharing, tiered, compressed oops, compressed class ptrs, g1 gc, bsd-aarch64)
GC Precious Log:
 CardTable entry size: 512
 Card Set container configuration: InlinePtr #cards 3 size 8 Array Of Cards #cards 128 size 272 Howl #buckets 8 coarsen threshold 29491 Howl Bitmap #cards 4096 size 528 coarsen threshold 3686 Card regions per heap region 1 cards per card region 32768
 CPUs: 18 total, 18 available
 Memory: 128G
 Large Page Support: Disabled
 NUMA Support: Disabled
 Compressed Oops: Enabled (Non-zero disjoint base)
 Heap Region Size: 16M
 Heap Min Capacity: 16M
 Heap Initial Capacity: 16M
 Heap Max Capacity: 30688M
 Pre-touch: Disabled
 Parallel Workers: 14
 Concurrent Workers: 4
 Concurrent Refinement Workers: 14
 Periodic GC: Disabled
Heap:
 garbage-first heap   total reserved 31424512K, committed 589824K, used 35665K [0x0000007001000000, 0x000000777f000000)
  region size 16M, 2 eden (32M), 1 survivor (16M), 2 old (32M), 0 humongous (0M), 31 free (496M)
GC Heap Usage History (16 events):
Event: 0.097 {heap Before GC invocations=0 (full 0):
 garbage-first heap   total reserved 31424512K, committed 32768K, used 17546K [0x0000007001000000, 0x000000777f000000)
  region size 16M, 1 eden (16M), 0 survivor (0M), 1 old (16M), 0 humongous (0M), 0 free (0M)
}
Event: 0.098 {heap After GC invocations=1 (full 0):
 garbage-first heap   total reserved 31424512K, committed 49152K, used 4706K [0x0000007001000000, 0x000000777f000000)
  region size 16M, 0 eden (0M), 1 survivor (16M), 1 old (16M), 0 humongous (0M), 1 free (16M)
}
Event: 0.110 {heap Before GC invocations=1 (full 0):
 garbage-first heap   total reserved 31424512K, committed 49152K, used 21090K [0x0000007001000000, 0x000000777f000000)
  region size 16M, 1 eden (16M), 1 survivor (16M), 1 old (16M), 0 humongous (0M), 0 free (0M)
}
Event: 0.111 {heap After GC invocations=2 (full 0):
 garbage-first heap   total reserved 31424512K, committed 65536K, used 4490K [0x0000007001000000, 0x000000777f000000)
  region size 16M, 0 eden (0M), 1 survivor (16M), 1 old (16M), 0 humongous (0M), 2 free (32M)
}
Event: 0.128 {heap Before GC invocations=2 (full 0):
 garbage-first heap   total reserved 31424512K, committed 65536K, used 20874K [0x0000007001000000, 0x000000777f000000)
  region size 16M, 1 eden (16M), 1 survivor (16M), 1 old (16M), 0 humongous (0M), 1 free (16M)
}
Event: 0.129 {heap After GC invocations=3 (full 0):
 garbage-first heap   total reserved 31424512K, committed 196608K, used 4575K [0x0000007001000000, 0x000000777f000000)
  region size 16M, 0 eden (0M), 1 survivor (16M), 1 old (16M), 0 humongous (0M), 10 free (160M)
}
Event: 0.228 {heap Before GC invocations=3 (full 0):
 garbage-first heap   total reserved 31424512K, committed 196608K, used 102879K [0x0000007001000000, 0x000000777f000000)
  region size 16M, 6 eden (96M), 1 survivor (16M), 1 old (16M), 0 humongous (0M), 4 free (64M)
}
Event: 0.230 {heap After GC invocations=4 (full 0):
 garbage-first heap   total reserved 31424512K, committed 196608K, used 7573K [0x0000007001000000, 0x000000777f000000)
  region size 16M, 0 eden (0M), 1 survivor (16M), 1 old (16M), 0 humongous (0M), 10 free (160M)
}
Event: 0.356 {heap Before GC invocations=4 (full 0):
 garbage-first heap   total reserved 31424512K, committed 196608K, used 105877K [0x0000007001000000, 0x000000777f000000)
  region size 16M, 6 eden (96M), 1 survivor (16M), 1 old (16M), 0 humongous (0M), 4 free (64M)
}
Event: 0.358 {heap After GC invocations=5 (full 0):
 garbage-first heap   total reserved 31424512K, committed 196608K, used 14202K [0x0000007001000000, 0x000000777f000000)
  region size 16M, 0 eden (0M), 1 survivor (16M), 1 old (16M), 0 humongous (0M), 10 free (160M)
}
Event: 0.369 {heap Before GC invocations=5 (full 0):
 garbage-first heap   total reserved 31424512K, committed 196608K, used 112506K [0x0000007001000000, 0x000000777f000000)
  region size 16M, 6 eden (96M), 1 survivor (16M), 1 old (16M), 0 humongous (0M), 4 free (64M)
}
Event: 0.371 {heap After GC invocations=6 (full 0):
 garbage-first heap   total reserved 31424512K, committed 196608K, used 13730K [0x0000007001000000, 0x000000777f000000)
  region size 16M, 0 eden (0M), 1 survivor (16M), 2 old (32M), 0 humongous (0M), 9 free (144M)
}
Event: 0.381 {heap Before GC invocations=6 (full 0):
 garbage-first heap   total reserved 31424512K, committed 196608K, used 112034K [0x0000007001000000, 0x000000777f000000)
  region size 16M, 6 eden (96M), 1 survivor (16M), 2 old (32M), 0 humongous (0M), 3 free (48M)
}
Event: 0.382 {heap After GC invocations=7 (full 0):
 garbage-first heap   total reserved 31424512K, committed 589824K, used 13434K [0x0000007001000000, 0x000000777f000000)
  region size 16M, 0 eden (0M), 1 survivor (16M), 2 old (32M), 0 humongous (0M), 33 free (528M)
}
Event: 0.504 {heap Before GC invocations=7 (full 0):
 garbage-first heap   total reserved 31424512K, committed 589824K, used 324730K [0x0000007001000000, 0x000000777f000000)
  region size 16M, 20 eden (320M), 1 survivor (16M), 2 old (32M), 0 humongous (0M), 13 free (208M)
}
Event: 0.505 {heap After GC invocations=8 (full 0):
 garbage-first heap   total reserved 31424512K, committed 589824K, used 19281K [0x0000007001000000, 0x000000777f000000)
  region size 16M, 0 eden (0M), 1 survivor (16M), 2 old (32M), 0 humongous (0M), 33 free (528M)
}

